-------------------------------------------------------------------------------
Test set: org.biojava.nbio.structure.basepairs.TestBasePairParameters
-------------------------------------------------------------------------------
Tests run: 1, Failures: 1, Errors: 0, Skipped: 0, Time elapsed: 1.071 s <<< FAILURE! - in org.biojava.nbio.structure.basepairs.TestBasePairParameters
org.biojava.nbio.structure.basepairs.TestBasePairParameters.testBasePair  Time elapsed: 1.067 s  <<< FAILURE!
java.lang.AssertionError: expected:<-8.898157987017731> but was:<-3.796>
	at org.biojava.nbio.structure.basepairs.TestBasePairParameters.testBasePair(TestBasePairParameters.java:56)

