<?xml version="1.0" encoding="UTF-8"?>
<testsuite xmlns:xsi="http://www.w3.org/2001/XMLSchema-instance" xsi:noNamespaceSchemaLocation="https://maven.apache.org/surefire/maven-surefire-plugin/xsd/surefire-test-report-3.0.xsd" version="3.0" name="org.biojava.nbio.structure.TestChargeAdder" time="1.006" tests="2" errors="0" skipped="0" failures="0">
  <properties>
[...]
</properties>
  <testcase name="testBasic" classname="org.biojava.nbio.structure.TestChargeAdder" time="0.945">
    <system-err><![CDATA[18:24:49 [main] WARN  org.biojava.nbio.structure.align.util.UserConfiguration - Could not read dir from system property PDB_DIR or environment variable PDB_DIR, using system's temp directory /var/folders/xy/jyfcpkdx1gv5pfsz5wld96qh0000gn/T/
]]></system-err>
  </testcase>
  <testcase name="testQuestionMark" classname="org.biojava.nbio.structure.TestChargeAdder" time="0.061">
    <system-err><![CDATA[18:24:50 [main] WARN  org.biojava.nbio.structure.io.ChargeAdder - ? charge on atom O01 in group ZYH
18:24:50 [main] WARN  org.biojava.nbio.structure.io.ChargeAdder - ? charge on atom C02 in group ZYH
18:24:50 [main] WARN  org.biojava.nbio.structure.io.ChargeAdder - ? charge on atom C03 in group ZYH
18:24:50 [main] WARN  org.biojava.nbio.structure.io.ChargeAdder - ? charge on atom C04 in group ZYH
18:24:50 [main] WARN  org.biojava.nbio.structure.io.ChargeAdder - ? charge on atom C05 in group ZYH
18:24:50 [main] WARN  org.biojava.nbio.structure.io.ChargeAdder - ? charge on atom C06 in group ZYH
18:24:50 [main] WARN  org.biojava.nbio.structure.io.ChargeAdder - ? charge on atom N07 in group ZYH
18:24:50 [main] WARN  org.biojava.nbio.structure.io.ChargeAdder - ? charge on atom C08 in group ZYH
18:24:50 [main] WARN  org.biojava.nbio.structure.io.ChargeAdder - ? charge on atom O09 in group ZYH
18:24:50 [main] WARN  org.biojava.nbio.structure.io.ChargeAdder - ? charge on atom C10 in group ZYH
18:24:50 [main] WARN  org.biojava.nbio.structure.io.ChargeAdder - ? charge on atom C11 in group ZYH
18:24:50 [main] WARN  org.biojava.nbio.structure.io.ChargeAdder - ? charge on atom C12 in group ZYH
18:24:50 [main] WARN  org.biojava.nbio.structure.io.ChargeAdder - ? charge on atom C13 in group ZYH
18:24:50 [main] WARN  org.biojava.nbio.structure.io.ChargeAdder - ? charge on atom C14 in group ZYH
18:24:50 [main] WARN  org.biojava.nbio.structure.io.ChargeAdder - ? charge on atom C15 in group ZYH
18:24:50 [main] WARN  org.biojava.nbio.structure.io.ChargeAdder - ? charge on atom C16 in group ZYH
18:24:50 [main] WARN  org.biojava.nbio.structure.io.ChargeAdder - ? charge on atom C17 in group ZYH
18:24:50 [main] WARN  org.biojava.nbio.structure.io.ChargeAdder - ? charge on atom N18 in group ZYH
18:24:50 [main] WARN  org.biojava.nbio.structure.io.ChargeAdder - ? charge on atom C19 in group ZYH
18:24:50 [main] WARN  org.biojava.nbio.structure.io.ChargeAdder - ? charge on atom C20 in group ZYH
18:24:50 [main] WARN  org.biojava.nbio.structure.io.ChargeAdder - ? charge on atom C21 in group ZYH
18:24:50 [main] WARN  org.biojava.nbio.structure.io.ChargeAdder - ? charge on atom N22 in group ZYH
18:24:50 [main] WARN  org.biojava.nbio.structure.io.ChargeAdder - ? charge on atom C23 in group ZYH
18:24:50 [main] WARN  org.biojava.nbio.structure.io.ChargeAdder - ? charge on atom C24 in group ZYH
18:24:50 [main] WARN  org.biojava.nbio.structure.io.ChargeAdder - ? charge on atom N25 in group ZYH
18:24:50 [main] WARN  org.biojava.nbio.structure.io.ChargeAdder - ? charge on atom C26 in group ZYH
18:24:50 [main] WARN  org.biojava.nbio.structure.io.ChargeAdder - ? charge on atom C27 in group ZYH
18:24:50 [main] WARN  org.biojava.nbio.structure.io.ChargeAdder - ? charge on atom C28 in group ZYH
18:24:50 [main] WARN  org.biojava.nbio.structure.io.ChargeAdder - ? charge on atom N29 in group ZYH
18:24:50 [main] WARN  org.biojava.nbio.structure.io.ChargeAdder - ? charge on atom C30 in group ZYH
18:24:50 [main] WARN  org.biojava.nbio.structure.io.ChargeAdder - ? charge on atom C31 in group ZYH
18:24:50 [main] WARN  org.biojava.nbio.structure.io.ChargeAdder - ? charge on atom C32 in group ZYH
18:24:50 [main] WARN  org.biojava.nbio.structure.io.ChargeAdder - ? charge on atom N33 in group ZYH
18:24:50 [main] WARN  org.biojava.nbio.structure.io.ChargeAdder - ? charge on atom H041 in group ZYH
18:24:50 [main] WARN  org.biojava.nbio.structure.io.ChargeAdder - ? charge on atom H051 in group ZYH
18:24:50 [main] WARN  org.biojava.nbio.structure.io.ChargeAdder - ? charge on atom H111 in group ZYH
18:24:50 [main] WARN  org.biojava.nbio.structure.io.ChargeAdder - ? charge on atom H121 in group ZYH
18:24:50 [main] WARN  org.biojava.nbio.structure.io.ChargeAdder - ? charge on atom H131 in group ZYH
18:24:50 [main] WARN  org.biojava.nbio.structure.io.ChargeAdder - ? charge on atom H132 in group ZYH
18:24:50 [main] WARN  org.biojava.nbio.structure.io.ChargeAdder - ? charge on atom H141 in group ZYH
18:24:50 [main] WARN  org.biojava.nbio.structure.io.ChargeAdder - ? charge on atom H142 in group ZYH
18:24:50 [main] WARN  org.biojava.nbio.structure.io.ChargeAdder - ? charge on atom H151 in group ZYH
18:24:50 [main] WARN  org.biojava.nbio.structure.io.ChargeAdder - ? charge on atom H152 in group ZYH
18:24:50 [main] WARN  org.biojava.nbio.structure.io.ChargeAdder - ? charge on atom H161 in group ZYH
18:24:50 [main] WARN  org.biojava.nbio.structure.io.ChargeAdder - ? charge on atom H162 in group ZYH
18:24:50 [main] WARN  org.biojava.nbio.structure.io.ChargeAdder - ? charge on atom H171 in group ZYH
18:24:50 [main] WARN  org.biojava.nbio.structure.io.ChargeAdder - ? charge on atom H172 in group ZYH
18:24:50 [main] WARN  org.biojava.nbio.structure.io.ChargeAdder - ? charge on atom H191 in group ZYH
18:24:50 [main] WARN  org.biojava.nbio.structure.io.ChargeAdder - ? charge on atom H192 in group ZYH
18:24:50 [main] WARN  org.biojava.nbio.structure.io.ChargeAdder - ? charge on atom H201 in group ZYH
18:24:50 [main] WARN  org.biojava.nbio.structure.io.ChargeAdder - ? charge on atom H211 in group ZYH
18:24:50 [main] WARN  org.biojava.nbio.structure.io.ChargeAdder - ? charge on atom H212 in group ZYH
18:24:50 [main] WARN  org.biojava.nbio.structure.io.ChargeAdder - ? charge on atom H231 in group ZYH
18:24:50 [main] WARN  org.biojava.nbio.structure.io.ChargeAdder - ? charge on atom H232 in group ZYH
18:24:50 [main] WARN  org.biojava.nbio.structure.io.ChargeAdder - ? charge on atom H241 in group ZYH
18:24:50 [main] WARN  org.biojava.nbio.structure.io.ChargeAdder - ? charge on atom H242 in group ZYH
18:24:50 [main] WARN  org.biojava.nbio.structure.io.ChargeAdder - ? charge on atom H261 in group ZYH
18:24:50 [main] WARN  org.biojava.nbio.structure.io.ChargeAdder - ? charge on atom H262 in group ZYH
18:24:50 [main] WARN  org.biojava.nbio.structure.io.ChargeAdder - ? charge on atom H271 in group ZYH
18:24:50 [main] WARN  org.biojava.nbio.structure.io.ChargeAdder - ? charge on atom H272 in group ZYH
18:24:50 [main] WARN  org.biojava.nbio.structure.io.ChargeAdder - ? charge on atom H301 in group ZYH
18:24:50 [main] WARN  org.biojava.nbio.structure.io.ChargeAdder - ? charge on atom H311 in group ZYH
18:24:50 [main] WARN  org.biojava.nbio.structure.io.ChargeAdder - ? charge on atom H321 in group ZYH
]]></system-err>
  </testcase>
</testsuite>