-------------------------------------------------------------------------------
Test set: org.biojava.nbio.structure.basepairs.TestBasePairParameters
-------------------------------------------------------------------------------
Tests run: 1, Failures: 1, Errors: 0, Skipped: 0, Time elapsed: 1.169 s <<< FAILURE! - in org.biojava.nbio.structure.basepairs.TestBasePairParameters
org.biojava.nbio.structure.basepairs.TestBasePairParameters.testBasePair  Time elapsed: 1.164 s  <<< FAILURE!
java.lang.AssertionError: expected:<8.446687211866506> but was:<-11.822>
	at org.biojava.nbio.structure.basepairs.TestBasePairParameters.testBasePair(TestBasePairParameters.java:107)

