-------------------------------------------------------------------------------
Test set: org.biojava.nbio.structure.AtomPositionMapTest
-------------------------------------------------------------------------------
Tests run: 5, Failures: 1, Errors: 0, Skipped: 0, Time elapsed: 1.012 s <<< FAILURE! - in org.biojava.nbio.structure.AtomPositionMapTest
org.biojava.nbio.structure.AtomPositionMapTest.testChains  Time elapsed: 0.059 s  <<< FAILURE!
java.lang.AssertionError: expected:<1> but was:<430>
	at org.biojava.nbio.structure.AtomPositionMapTest.testChains(AtomPositionMapTest.java:284)

