-------------------------------------------------------------------------------
Test set: org.biojava.nbio.structure.io.StructureSequenceMatcherTest
-------------------------------------------------------------------------------
Tests run: 4, Failures: 1, Errors: 0, Skipped: 0, Time elapsed: 0.792 s <<< FAILURE! - in org.biojava.nbio.structure.io.StructureSequenceMatcherTest
org.biojava.nbio.structure.io.StructureSequenceMatcherTest.testGetProteinSequenceForStructure  Time elapsed: 0.708 s  <<< FAILURE!
org.junit.ComparisonFailure: Modified residues expected:<[IVGGYTCGANTVPYQVSLNSGYHFCGGSLINSQWVVSAAHCYKSGIQVRLGEDNINVVEGNEQFISASKSIVHPSYNSNTLNNDIMLIKLKSAASLNSRVASISLPTSCASAGTQCLISGWGNTKSSGTSYPDVLKCLKAPILSDSSCKSAYPGQITSNMFCAGYLEGGKDSCQGDSGGPVVCSGKLQGIVSWGSGCAQKNKPGVYTKVCNYVSWIKQTIASNRPDFCLEPPYTGPCKARIIRYFYNAKAGLCQTFVYGGCRAKRNNFKSAEDCMRTCGGA]> but was:<[RPDFCLEPPYTGPCKARIIRYFYNAKAGLCQTFVYGGCRAKRNNFKSAEDCMRTCGGAIVGGYTCGANTVPYQVSLNSGYHFCGGSLINSQWVVSAAHCYKSGIQVRLGEDNINVVEGNEQFISASKSIVHPSYNSNTLNNDIMLIKLKSAASLNSRVASISLPTSCASAGTQCLISGWGNTKSSGTSYPDVLKCLKAPILSDSSCKSAYPGQITSNMFCAGYLEGGKDSCQGDSGGPVVCSGKLQGIVSWGSGCAQKNKPGVYTKVCNYVSWIKQTIASN]>
	at org.biojava.nbio.structure.io.StructureSequenceMatcherTest.testGetProteinSequenceForStructure(StructureSequenceMatcherTest.java:142)

