<?xml version="1.0" encoding="UTF-8"?>
<testsuite xmlns:xsi="http://www.w3.org/2001/XMLSchema-instance" xsi:noNamespaceSchemaLocation="https://maven.apache.org/surefire/maven-surefire-plugin/xsd/surefire-test-report-3.0.xsd" version="3.0" name="org.biojava.nbio.structure.TestStructureSerialization" time="1.014" tests="1" errors="0" skipped="0" failures="1">
  <properties>
[...]
</properties>
  <testcase name="testSerializeStructure" classname="org.biojava.nbio.structure.TestStructureSerialization" time="1.01">
    <failure message="expected:&lt;structure  2GOX [IdCode: 2GOX JournalArticle: JRNL        AUTH   M.HAMMEL,G.SFYROERA,D.RICKLIN,P.MAGOTTI,J.D.LAMBRIS,B.V.GEISBRECHT,&#10;JRNL        TITL   A STRUCTURAL BASIS FOR COMPLEMENT INHIBITION BY STAPHYLOCOCCUS AUREUS.&#10;JRNL        REF    NAT.IMMUNOL.                  V.   8   430 2007 &#10;JRNL        REFN                   ISSN 1529-2908&#10; ExperimentalTechniques: [X-RAY DIFFRACTION] DepDate: Fri Apr 14 00:00:00 CDT 2006 Title: CRYSTAL STRUCTURE OF EFB-C / C3D COMPLEX Rwork: 1.0 NrBioAssemblies: 0 Resolution: 2.2 Rfree: 0.231 CrystallographicInfo: [P 41 - 90.94 90.94 122.24, 90.00 90.00 90.00] Classification: CELL ADHESION/TOXIN ModDate: Tue Sep 18 00:00:00 CDT 2007 BioAssemblies: {} Authors: M.HAMMEL,B.V.GEISBRECHT RelDate: Tue Mar 20 00:00:00 CDT 2007] &#10; chains:&#10;chain 0: ...&gt; but was:&lt;structure  2GOX [Title: CRYSTAL STRUCTURE OF EFB-C / C3D COMPLEX Classification: CELL ADHESION/TOXIN ExperimentalTechniques: [X-RAY DIFFRACTION] Rwork: 1.0 DepDate: Fri Apr 14 00:00:00 CDT 2006 Rfree: 0.231 RelDate: Tue Mar 20 00:00:00 CDT 2007 Authors: M.HAMMEL,B.V.GEISBRECHT ModDate: Tue Sep 18 00:00:00 CDT 2007 Resolution: 2.2 IdCode: 2GOX JournalArticle: JRNL        AUTH   M.HAMMEL,G.SFYROERA,D.RICKLIN,P.MAGOTTI,J.D.LAMBRIS,B.V.GEISBRECHT,&#10;JRNL        TITL   A STRUCTURAL BASIS FOR COMPLEMENT INHIBITION BY STAPHYLOCOCCUS AUREUS.&#10;JRNL        REF    NAT.IMMUNOL.                  V.   8   430 2007 &#10;JRNL        REFN                   ISSN 1529-2908&#10; BioAssemblies: {} CrystallographicInfo: [P 41 - 90.94 90.94 122.24, 90.00 90.00 90.00] NrBioAssemblies: 0] &#10; chains:&#10;chain 0: ...&gt;" type="org.junit.ComparisonFailure"><![CDATA[org.junit.ComparisonFailure: 
expected:<structure  2GOX [IdCode: 2GOX JournalArticle: JRNL        AUTH   M.HAMMEL,G.SFYROERA,D.RICKLIN,P.MAGOTTI,J.D.LAMBRIS,B.V.GEISBRECHT,
JRNL        TITL   A STRUCTURAL BASIS FOR COMPLEMENT INHIBITION BY STAPHYLOCOCCUS AUREUS.
JRNL        REF    NAT.IMMUNOL.                  V.   8   430 2007 
JRNL        REFN                   ISSN 1529-2908
 ExperimentalTechniques: [X-RAY DIFFRACTION] DepDate: Fri Apr 14 00:00:00 CDT 2006 Title: CRYSTAL STRUCTURE OF EFB-C / C3D COMPLEX Rwork: 1.0 NrBioAssemblies: 0 Resolution: 2.2 Rfree: 0.231 CrystallographicInfo: [P 41 - 90.94 90.94 122.24, 90.00 90.00 90.00] Classification: CELL ADHESION/TOXIN ModDate: Tue Sep 18 00:00:00 CDT 2007 BioAssemblies: {} Authors: M.HAMMEL,B.V.GEISBRECHT RelDate: Tue Mar 20 00:00:00 CDT 2007] 
 chains:
chain 0: ...> but was:<structure  2GOX [Title: CRYSTAL STRUCTURE OF EFB-C / C3D COMPLEX Classification: CELL ADHESION/TOXIN ExperimentalTechniques: [X-RAY DIFFRACTION] Rwork: 1.0 DepDate: Fri Apr 14 00:00:00 CDT 2006 Rfree: 0.231 RelDate: Tue Mar 20 00:00:00 CDT 2007 Authors: M.HAMMEL,B.V.GEISBRECHT ModDate: Tue Sep 18 00:00:00 CDT 2007 Resolution: 2.2 IdCode: 2GOX JournalArticle: JRNL        AUTH   M.HAMMEL,G.SFYROERA,D.RICKLIN,P.MAGOTTI,J.D.LAMBRIS,B.V.GEISBRECHT,
JRNL        TITL   A STRUCTURAL BASIS FOR COMPLEMENT INHIBITION BY STAPHYLOCOCCUS AUREUS.
JRNL        REF    NAT.IMMUNOL.                  V.   8   430 2007 
JRNL        REFN                   ISSN 1529-2908
 BioAssemblies: {} CrystallographicInfo: [P 41 - 90.94 90.94 122.24, 90.00 90.00 90.00] NrBioAssemblies: 0] 
 chains:
chain 0: ...>
	at org.biojava.nbio.structure.TestStructureSerialization.testSerializeStructure(TestStructureSerialization.java:68)
]]></failure>
    <system-err><![CDATA[18:21:53 [main] WARN  org.biojava.nbio.structure.align.util.UserConfiguration - Could not read dir from system property PDB_DIR or environment variable PDB_DIR, using system's temp directory /var/folders/xy/jyfcpkdx1gv5pfsz5wld96qh0000gn/T/
]]></system-err>
  </testcase>
</testsuite>